[2021-05-25T14:53:42.687] [DEBUG] cheese - login => username:admin,password:123456
[2021-05-25T14:53:42.688] [DEBUG] cheese - admin
[2021-05-25T14:53:42.703] [DEBUG] cheese - null
[2021-05-25T14:53:42.703] [DEBUG] cheese - null
[2021-11-05T14:29:26.123] [DEBUG] cheese - login => username:admin,password:123456
[2021-11-05T14:29:26.137] [DEBUG] cheese - admin
[2021-11-05T14:29:26.202] [DEBUG] cheese - null
[2021-11-05T14:29:26.203] [DEBUG] cheese - null
[2021-11-05T14:31:38.059] [DEBUG] cheese - login => username:admin,password:123456
[2021-11-05T14:31:38.059] [DEBUG] cheese - admin
[2021-11-05T14:31:38.109] [DEBUG] cheese - null
[2021-11-05T14:31:38.109] [DEBUG] cheese - null
[2021-11-05T14:35:38.083] [DEBUG] cheese - login => username:admin2,password:123456
[2021-11-05T14:35:38.084] [DEBUG] cheese - admin2
[2021-11-05T14:35:38.132] [DEBUG] cheese - null
[2021-11-05T14:35:38.133] [DEBUG] cheese - null
[2021-11-05T14:36:34.565] [DEBUG] cheese - login => username:admin,password:123456
[2021-11-05T14:36:34.565] [DEBUG] cheese - admin
[2021-11-05T14:36:34.568] [DEBUG] cheese - null
[2021-11-05T14:36:34.568] [DEBUG] cheese - null
[2021-11-05T14:41:24.859] [DEBUG] cheese - login => username:admin,password:123456
[2021-11-05T14:41:24.859] [DEBUG] cheese - admin
[2021-11-05T14:41:24.863] [DEBUG] cheese - null
[2021-11-05T14:41:24.863] [DEBUG] cheese - null
[2021-11-05T14:52:41.596] [DEBUG] cheese - login => username:admin,password:123456
[2021-11-05T14:52:41.596] [DEBUG] cheese - admin
[2021-11-05T14:52:41.600] [DEBUG] cheese - null
[2021-11-05T14:52:41.600] [DEBUG] cheese - null
[2021-11-05T15:01:39.733] [DEBUG] cheese - login => username:admin,password:123456
[2021-11-05T15:01:39.734] [DEBUG] cheese - admin
[2021-11-05T15:01:39.789] [DEBUG] cheese - null
[2021-11-05T15:01:39.790] [DEBUG] cheese - null
[2021-11-05T15:04:48.503] [DEBUG] cheese - login => username:admin,password:123456
[2021-11-05T15:04:48.503] [DEBUG] cheese - admin
[2021-11-05T15:04:48.554] [DEBUG] cheese - null
[2021-11-05T15:04:48.554] [DEBUG] cheese - null
[2021-11-05T17:01:27.026] [DEBUG] cheese - login => username:admin,password:123456
[2021-11-05T17:01:27.027] [DEBUG] cheese - admin
[2021-11-05T17:01:27.032] [DEBUG] cheese - null
[2021-11-05T17:01:27.032] [DEBUG] cheese - null
[2021-11-05T17:01:31.378] [DEBUG] cheese - login => username:admin,password:123456
[2021-11-05T17:01:31.378] [DEBUG] cheese - admin
[2021-11-05T17:01:31.383] [DEBUG] cheese - null
[2021-11-05T17:01:31.383] [DEBUG] cheese - null
[2021-11-06T08:43:09.662] [DEBUG] cheese - login => username:admin,password:123456
[2021-11-06T08:43:09.667] [DEBUG] cheese - admin
[2021-11-06T08:43:09.700] [DEBUG] cheese - null
[2021-11-06T08:43:09.701] [DEBUG] cheese - null
[2021-11-06T08:44:10.883] [DEBUG] cheese - login => username:admin,password:123456
[2021-11-06T08:44:10.884] [DEBUG] cheese - admin
[2021-11-06T08:44:10.889] [DEBUG] cheese - null
[2021-11-06T08:44:10.889] [DEBUG] cheese - null
[2021-11-06T08:51:23.472] [DEBUG] cheese - login => username:admin,password:123456
[2021-11-06T08:51:23.472] [DEBUG] cheese - admin
[2021-11-06T08:51:23.523] [DEBUG] cheese - null
[2021-11-06T08:51:23.523] [DEBUG] cheese - null
[2021-11-06T08:51:34.016] [DEBUG] cheese - login => username:admin,password:123456
[2021-11-06T08:51:34.016] [DEBUG] cheese - admin
[2021-11-06T08:51:34.020] [DEBUG] cheese - null
[2021-11-06T08:51:34.020] [DEBUG] cheese - null
[2021-11-06T09:00:27.613] [DEBUG] cheese - login => username:admin,password:123456
[2021-11-06T09:00:27.613] [DEBUG] cheese - admin
[2021-11-06T09:00:27.618] [DEBUG] cheese - null
[2021-11-06T09:00:27.618] [DEBUG] cheese - null
[2021-11-06T09:00:34.363] [DEBUG] cheese - login => username:admin,password:123456
[2021-11-06T09:00:34.363] [DEBUG] cheese - admin
[2021-11-06T09:00:34.366] [DEBUG] cheese - null
[2021-11-06T09:00:34.367] [DEBUG] cheese - null
[2021-11-06T09:02:58.178] [DEBUG] cheese - login => username:admin,password:123456
[2021-11-06T09:02:58.179] [DEBUG] cheese - admin
[2021-11-06T09:02:58.182] [DEBUG] cheese - null
[2021-11-06T09:02:58.183] [DEBUG] cheese - null
[2021-11-06T09:03:05.407] [DEBUG] cheese - login => username:admin,password:123456
[2021-11-06T09:03:05.407] [DEBUG] cheese - admin
[2021-11-06T09:03:05.410] [DEBUG] cheese - null
[2021-11-06T09:03:05.410] [DEBUG] cheese - null
[2021-11-06T09:03:36.195] [DEBUG] cheese - login => username:admin,password:123456
[2021-11-06T09:03:36.195] [DEBUG] cheese - admin
[2021-11-06T09:03:36.198] [DEBUG] cheese - null
[2021-11-06T09:03:36.198] [DEBUG] cheese - null
[2021-11-06T09:04:17.286] [DEBUG] cheese - login => username:admin,password:123456
[2021-11-06T09:04:17.286] [DEBUG] cheese - admin
[2021-11-06T09:04:17.290] [DEBUG] cheese - null
[2021-11-06T09:04:17.290] [DEBUG] cheese - null
[2021-11-06T09:04:57.988] [DEBUG] cheese - login => username:admin,password:123456
[2021-11-06T09:04:57.988] [DEBUG] cheese - admin
[2021-11-06T09:04:57.992] [DEBUG] cheese - null
[2021-11-06T09:04:57.992] [DEBUG] cheese - null
[2021-11-06T09:05:00.410] [DEBUG] cheese - login => username:admin,password:123456
[2021-11-06T09:05:00.410] [DEBUG] cheese - admin
[2021-11-06T09:05:00.413] [DEBUG] cheese - null
[2021-11-06T09:05:00.414] [DEBUG] cheese - null
[2021-11-06T09:05:01.305] [DEBUG] cheese - login => username:admin,password:123456
[2021-11-06T09:05:01.305] [DEBUG] cheese - admin
[2021-11-06T09:05:01.311] [DEBUG] cheese - null
[2021-11-06T09:05:01.312] [DEBUG] cheese - null
[2021-11-06T09:05:01.735] [DEBUG] cheese - login => username:admin,password:123456
[2021-11-06T09:05:01.735] [DEBUG] cheese - admin
[2021-11-06T09:05:01.738] [DEBUG] cheese - null
[2021-11-06T09:05:01.739] [DEBUG] cheese - null
[2021-11-06T09:05:21.214] [DEBUG] cheese - login => username:admin,password:123456
[2021-11-06T09:05:21.214] [DEBUG] cheese - admin
[2021-11-06T09:05:21.217] [DEBUG] cheese - null
[2021-11-06T09:05:21.217] [DEBUG] cheese - null
[2021-11-06T09:05:26.402] [DEBUG] cheese - login => username:admin,password:123456
[2021-11-06T09:05:26.402] [DEBUG] cheese - admin
[2021-11-06T09:05:26.405] [DEBUG] cheese - null
[2021-11-06T09:05:26.405] [DEBUG] cheese - null
[2021-11-06T09:05:33.083] [DEBUG] cheese - login => username:admin,password:123456
[2021-11-06T09:05:33.083] [DEBUG] cheese - admin
[2021-11-06T09:05:33.087] [DEBUG] cheese - null
[2021-11-06T09:05:33.088] [DEBUG] cheese - null
[2021-11-06T09:06:49.547] [DEBUG] cheese - login => username:admin,password:123456
[2021-11-06T09:06:49.548] [DEBUG] cheese - admin
[2021-11-06T09:06:49.551] [DEBUG] cheese - null
[2021-11-06T09:06:49.551] [DEBUG] cheese - null
[2021-11-06T09:07:35.620] [DEBUG] cheese - login => username:admin,password:123456
[2021-11-06T09:07:35.620] [DEBUG] cheese - admin
[2021-11-06T09:07:35.623] [DEBUG] cheese - null
[2021-11-06T09:07:35.623] [DEBUG] cheese - null
[2021-11-06T09:08:43.665] [DEBUG] cheese - login => username:admin,password:123456
[2021-11-06T09:08:43.665] [DEBUG] cheese - admin
[2021-11-06T09:08:43.669] [DEBUG] cheese - null
[2021-11-06T09:08:43.669] [DEBUG] cheese - null
[2021-11-06T09:08:48.295] [DEBUG] cheese - login => username:admin,password:123456
[2021-11-06T09:08:48.295] [DEBUG] cheese - admin
[2021-11-06T09:08:48.299] [DEBUG] cheese - null
[2021-11-06T09:08:48.299] [DEBUG] cheese - null
[2021-11-06T09:09:42.925] [DEBUG] cheese - login => username:admin,password:123456
[2021-11-06T09:09:42.925] [DEBUG] cheese - admin
[2021-11-06T09:09:42.928] [DEBUG] cheese - null
[2021-11-06T09:09:42.928] [DEBUG] cheese - null
[2021-11-06T09:09:45.879] [DEBUG] cheese - login => username:admin,password:123456
[2021-11-06T09:09:45.880] [DEBUG] cheese - admin
[2021-11-06T09:09:45.883] [DEBUG] cheese - null
[2021-11-06T09:09:45.883] [DEBUG] cheese - null
[2021-11-06T09:10:11.585] [DEBUG] cheese - login => username:admin,password:123456
[2021-11-06T09:10:11.585] [DEBUG] cheese - admin
[2021-11-06T09:10:11.589] [DEBUG] cheese - null
[2021-11-06T09:10:11.589] [DEBUG] cheese - null
[2021-11-06T09:10:20.838] [DEBUG] cheese - login => username:admin,password:123456
[2021-11-06T09:10:20.838] [DEBUG] cheese - admin
[2021-11-06T09:10:20.841] [DEBUG] cheese - null
[2021-11-06T09:10:20.841] [DEBUG] cheese - null
[2021-11-06T09:10:26.799] [DEBUG] cheese - login => username:admin,password:123456
[2021-11-06T09:10:26.799] [DEBUG] cheese - admin
[2021-11-06T09:10:26.802] [DEBUG] cheese - null
[2021-11-06T09:10:26.802] [DEBUG] cheese - null
[2021-11-06T09:13:14.646] [DEBUG] cheese - login => username:admin,password:123456
[2021-11-06T09:13:14.646] [DEBUG] cheese - admin
[2021-11-06T09:13:14.649] [DEBUG] cheese - null
[2021-11-06T09:13:14.649] [DEBUG] cheese - null
[2021-11-06T09:43:24.602] [DEBUG] cheese - login => username:admin,password:123456
[2021-11-06T09:43:24.604] [DEBUG] cheese - admin
[2021-11-06T09:43:24.619] [DEBUG] cheese - null
[2021-11-06T09:43:24.620] [DEBUG] cheese - null
[2021-11-06T10:50:55.140] [DEBUG] cheese - login => username:admin,password:123456
[2021-11-06T10:50:55.140] [DEBUG] cheese - admin
[2021-11-06T10:50:55.145] [DEBUG] cheese - null
[2021-11-06T10:50:55.145] [DEBUG] cheese - null
[2022-05-18T11:36:51.730] [DEBUG] cheese - login => username:admin,password:123456
[2022-05-18T11:36:51.731] [DEBUG] cheese - admin
[2022-05-18T11:36:51.742] [DEBUG] cheese - null
[2022-05-18T11:36:51.742] [DEBUG] cheese - null
[2022-05-18T11:42:20.029] [DEBUG] cheese - login => username:admin,password:123456
[2022-05-18T11:42:20.030] [DEBUG] cheese - admin
[2022-05-18T11:42:20.032] [DEBUG] cheese - null
[2022-05-18T11:42:20.033] [DEBUG] cheese - null
